0 info it worked if it ends with ok
1 verbose cli [ '/home/janus/.nvm/versions/node/v6.5.0/bin/node',
1 verbose cli   '/home/janus/.nvm/versions/node/v6.5.0/bin/npm',
1 verbose cli   'start' ]
2 info using npm@3.10.3
3 info using node@v6.5.0
4 verbose run-script [ 'prestart', 'start', 'poststart' ]
5 info lifecycle app4@0.0.0~prestart: app4@0.0.0
6 silly lifecycle app4@0.0.0~prestart: no script for prestart, continuing
7 info lifecycle app4@0.0.0~start: app4@0.0.0
8 verbose lifecycle app4@0.0.0~start: unsafe-perm in lifecycle true
9 verbose lifecycle app4@0.0.0~start: PATH: /home/janus/.nvm/versions/node/v6.5.0/lib/node_modules/npm/bin/node-gyp-bin:/home/janus/github/danco-js/app/node_modules/.bin:/home/janus/.nvm/versions/node/v6.5.0/bin:/home/janus/.nvm/versions/node/v6.5.0/bin:/usr/local/heroku/bin:/home/janus/.composer/vendor/bin:/home/janus/bin:/usr/local/sbin:/usr/local/bin:/usr/sbin:/usr/bin:/sbin:/bin:/usr/games:/usr/local/games:/home/janus/.rvm/bin:/home/janus/.rvm/bin
10 verbose lifecycle app4@0.0.0~start: CWD: /home/janus/github/danco-js/app
11 silly lifecycle app4@0.0.0~start: Args: [ '-c', 'node ./bin/www' ]
12 silly lifecycle app4@0.0.0~start: Returned: code: 1  signal: null
13 info lifecycle app4@0.0.0~start: Failed to exec start script
14 verbose stack Error: app4@0.0.0 start: `node ./bin/www`
14 verbose stack Exit status 1
14 verbose stack     at EventEmitter.<anonymous> (/home/janus/.nvm/versions/node/v6.5.0/lib/node_modules/npm/lib/utils/lifecycle.js:242:16)
14 verbose stack     at emitTwo (events.js:106:13)
14 verbose stack     at EventEmitter.emit (events.js:191:7)
14 verbose stack     at ChildProcess.<anonymous> (/home/janus/.nvm/versions/node/v6.5.0/lib/node_modules/npm/lib/utils/spawn.js:40:14)
14 verbose stack     at emitTwo (events.js:106:13)
14 verbose stack     at ChildProcess.emit (events.js:191:7)
14 verbose stack     at maybeClose (internal/child_process.js:877:16)
14 verbose stack     at Process.ChildProcess._handle.onexit (internal/child_process.js:226:5)
15 verbose pkgid app4@0.0.0
16 verbose cwd /home/janus/github/danco-js/app
17 error Linux 3.13.0-37-generic
18 error argv "/home/janus/.nvm/versions/node/v6.5.0/bin/node" "/home/janus/.nvm/versions/node/v6.5.0/bin/npm" "start"
19 error node v6.5.0
20 error npm  v3.10.3
21 error code ELIFECYCLE
22 error app4@0.0.0 start: `node ./bin/www`
22 error Exit status 1
23 error Failed at the app4@0.0.0 start script 'node ./bin/www'.
23 error Make sure you have the latest version of node.js and npm installed.
23 error If you do, this is most likely a problem with the app4 package,
23 error not with npm itself.
23 error Tell the author that this fails on your system:
23 error     node ./bin/www
23 error You can get information on how to open an issue for this project with:
23 error     npm bugs app4
23 error Or if that isn't available, you can get their info via:
23 error     npm owner ls app4
23 error There is likely additional logging output above.
24 verbose exit [ 1, true ]
